This is pdfTeX, Version 3.14159265-2.6-1.40.21 (TeX Live 2020) (preloaded format=pdflatex 2020.12.25)  5 MAY 2021 09:51
entering extended mode
 \write18 enabled.
 %&-line parsing enabled.
**harmonic-analysis.tex
(./harmonic-analysis.tex
LaTeX2e <2020-02-02> patch level 5
L3 programming layer <2020-03-06>
! Undefined control sequence.
l.1 \chapter
            {Harmonic Analysis}
The control sequence at the end of the top line
of your error message was never \def'ed. If you have
misspelled it (e.g., `\hobx'), type `I' and the correct
spelling (e.g., `I\hbox'). Otherwise just continue,
and I'll forget about whatever was undefined.


! LaTeX Error: Missing \begin{document}.

See the LaTeX manual or LaTeX Companion for explanation.
Type  H <return>  for immediate help.
 ...                                              
                                                  
l.1 \chapter{H
              armonic Analysis}
You're in trouble here.  Try typing  <return>  to proceed.
If that doesn't work, type  X <return>  to quit.

Missing character: There is no H in font nullfont!
Missing character: There is no a in font nullfont!
Missing character: There is no r in font nullfont!
Missing character: There is no m in font nullfont!
Missing character: There is no o in font nullfont!
Missing character: There is no n in font nullfont!
Missing character: There is no i in font nullfont!
Missing character: There is no c in font nullfont!
Missing character: There is no A in font nullfont!
Missing character: There is no n in font nullfont!
Missing character: There is no a in font nullfont!
Missing character: There is no l in font nullfont!
Missing character: There is no y in font nullfont!
Missing character: There is no s in font nullfont!
Missing character: There is no i in font nullfont!
Missing character: There is no s in font nullfont!
! Undefined control sequence.
l.2 \section
            {Lorentz space}
The control sequence at the end of the top line
of your error message was never \def'ed. If you have
misspelled it (e.g., `\hobx'), type `I' and the correct
spelling (e.g., `I\hbox'). Otherwise just continue,
and I'll forget about whatever was undefined.

Missing character: There is no L in font nullfont!
Missing character: There is no o in font nullfont!
Missing character: There is no r in font nullfont!
Missing character: There is no e in font nullfont!
Missing character: There is no n in font nullfont!
Missing character: There is no t in font nullfont!
Missing character: There is no z in font nullfont!
Missing character: There is no s in font nullfont!
Missing character: There is no p in font nullfont!
Missing character: There is no a in font nullfont!
Missing character: There is no c in font nullfont!
Missing character: There is no e in font nullfont!
! Undefined control sequence.
l.3 \subsection
               {éå¯¹è§’çº¿Marcinkiewiczæ’å€¼å®šç†}
The control sequence at the end of the top line
of your error message was never \def'ed. If you have
misspelled it (e.g., `\hobx'), type `I' and the correct
spelling (e.g., `I\hbox'). Otherwise just continue,
and I'll forget about whatever was undefined.


! Package inputenc Error: Unicode character é (U+975E)
(inputenc)                not set up for use with LaTeX.

See the inputenc package documentation for explanation.
Type  H <return>  for immediate help.
 ...                                              
                                                  
l.3 \subsection{é
                   å¯¹è§’çº¿Marcinkiewiczæ’å€¼å®šç†}
You may provide a definition with
\DeclareUnicodeCharacter 


! Package inputenc Error: Unicode character å¯¹ (U+5BF9)
(inputenc)                not set up for use with LaTeX.

See the inputenc package documentation for explanation.
Type  H <return>  for immediate help.
 ...                                              
                                                  
l.3 \subsection{éå¯¹
                      è§’çº¿Marcinkiewiczæ’å€¼å®šç†}
You may provide a definition with
\DeclareUnicodeCharacter 


! Package inputenc Error: Unicode character è§’ (U+89D2)
(inputenc)                not set up for use with LaTeX.

See the inputenc package documentation for explanation.
Type  H <return>  for immediate help.
 ...                                              
                                                  
l.3 \subsection{éå¯¹è§’
                         çº¿Marcinkiewiczæ’å€¼å®šç†}
You may provide a definition with
\DeclareUnicodeCharacter 


! Package inputenc Error: Unicode character çº¿ (U+7EBF)
(inputenc)                not set up for use with LaTeX.

See the inputenc package documentation for explanation.
Type  H <return>  for immediate help.
 ...                                              
                                                  
l.3 \subsection{éå¯¹è§’çº¿
                            Marcinkiewiczæ’å€¼å®šç†}
You may provide a definition with
\DeclareUnicodeCharacter 

Missing character: There is no M in font nullfont!
Missing character: There is no a in font nullfont!
Missing character: There is no r in font nullfont!
Missing character: There is no c in font nullfont!
Missing character: There is no i in font nullfont!
Missing character: There is no n in font nullfont!
Missing character: There is no k in font nullfont!
Missing character: There is no i in font nullfont!
Missing character: There is no e in font nullfont!
Missing character: There is no w in font nullfont!
Missing character: There is no i in font nullfont!
Missing character: There is no c in font nullfont!
Missing character: There is no z in font nullfont!

! Package inputenc Error: Unicode character æ’ (U+63D2)
(inputenc)                not set up for use with LaTeX.

See the inputenc package documentation for explanation.
Type  H <return>  for immediate help.
 ...                                              
                                                  
l.3 \subsection{éå¯¹è§’çº¿Marcinkiewiczæ’
                                            å€¼å®šç†}
You may provide a definition with
\DeclareUnicodeCharacter 


! Package inputenc Error: Unicode character å€¼ (U+503C)
(inputenc)                not set up for use with LaTeX.

See the inputenc package documentation for explanation.
Type  H <return>  for immediate help.
 ...                                              
                                                  
l.3 \subsection{éå¯¹è§’çº¿Marcinkiewiczæ’å€¼
                                               å®šç†}
You may provide a definition with
\DeclareUnicodeCharacter 


! Package inputenc Error: Unicode character å®š (U+5B9A)
(inputenc)                not set up for use with LaTeX.

See the inputenc package documentation for explanation.
Type  H <return>  for immediate help.
 ...                                              
                                                  
l.3 \subsection{éå¯¹è§’çº¿Marcinkiewiczæ’å€¼å®š
                                                  ç†}
You may provide a definition with
\DeclareUnicodeCharacter 


! Package inputenc Error: Unicode character ç† (U+7406)
(inputenc)                not set up for use with LaTeX.

See the inputenc package documentation for explanation.
Type  H <return>  for immediate help.
 ...                                              
                                                  
l.3 ...ction{éå¯¹è§’çº¿Marcinkiewiczæ’å€¼å®šç†
                                                  }
You may provide a definition with
\DeclareUnicodeCharacter 

! Undefined control sequence.
l.4 \bd
       {}{}
The control sequence at the end of the top line
of your error message was never \def'ed. If you have
misspelled it (e.g., `\hobx'), type `I' and the correct
spelling (e.g., `I\hbox'). Otherwise just continue,
and I'll forget about whatever was undefined.


! Package inputenc Error: Unicode character ç§° (U+79F0)
(inputenc)                not set up for use with LaTeX.

See the inputenc package documentation for explanation.
Type  H <return>  for immediate help.
 ...                                              
                                                  
l.5 ç§°
       ç®—å­$T$æ˜¯æ‹Ÿçº¿æ€§çš„, å¦‚æœ$T$æ»¡è¶³:
You may provide a definition with
\DeclareUnicodeCharacter 


! Package inputenc Error: Unicode character ç®— (U+7B97)
(inputenc)                not set up for use with LaTeX.

See the inputenc package documentation for explanation.
Type  H <return>  for immediate help.
 ...                                              
                                                  
l.5 ç§°ç®—
          å­$T$æ˜¯æ‹Ÿçº¿æ€§çš„, å¦‚æœ$T$æ»¡è¶³:
You may provide a definition with
\DeclareUnicodeCharacter 


! Package inputenc Error: Unicode character å­ (U+5B50)
(inputenc)                not set up for use with LaTeX.

See the inputenc package documentation for explanation.
Type  H <return>  for immediate help.
 ...                                              
                                                  
l.5 ç§°ç®—å­
             $T$æ˜¯æ‹Ÿçº¿æ€§çš„, å¦‚æœ$T$æ»¡è¶³:
You may provide a definition with
\DeclareUnicodeCharacter 

LaTeX Font Info:    External font `cmex10' loaded for size
(Font)              <7> on input line 5.
LaTeX Font Info:    External font `cmex10' loaded for size
(Font)              <5> on input line 5.

! Package inputenc Error: Unicode character æ˜¯ (U+662F)
(inputenc)                not set up for use with LaTeX.

See the inputenc package documentation for explanation.
Type  H <return>  for immediate help.
 ...                                              
                                                  
l.5 ç§°ç®—å­$T$æ˜¯
                   æ‹Ÿçº¿æ€§çš„, å¦‚æœ$T$æ»¡è¶³:
You may provide a definition with
\DeclareUnicodeCharacter 


! Package inputenc Error: Unicode character æ‹Ÿ (U+62DF)
(inputenc)                not set up for use with LaTeX.

See the inputenc package documentation for explanation.
Type  H <return>  for immediate help.
 ...                                              
                                                  
l.5 ç§°ç®—å­$T$æ˜¯æ‹Ÿ
                      çº¿æ€§çš„, å¦‚æœ$T$æ»¡è¶³:
You may provide a definition with
\DeclareUnicodeCharacter 


! Package inputenc Error: Unicode character çº¿ (U+7EBF)
(inputenc)                not set up for use with LaTeX.

See the inputenc package documentation for explanation.
Type  H <return>  for immediate help.
 ...                                              
                                                  
l.5 ç§°ç®—å­$T$æ˜¯æ‹Ÿçº¿
                         æ€§çš„, å¦‚æœ$T$æ»¡è¶³:
You may provide a definition with
\DeclareUnicodeCharacter 


! Package inputenc Error: Unicode character æ€§ (U+6027)
(inputenc)                not set up for use with LaTeX.

See the inputenc package documentation for explanation.
Type  H <return>  for immediate help.
 ...                                              
                                                  
l.5 ç§°ç®—å­$T$æ˜¯æ‹Ÿçº¿æ€§
                            çš„, å¦‚æœ$T$æ»¡è¶³:
You may provide a definition with
\DeclareUnicodeCharacter 


! Package inputenc Error: Unicode character çš„ (U+7684)
(inputenc)                not set up for use with LaTeX.

See the inputenc package documentation for explanation.
Type  H <return>  for immediate help.
 ...                                              
                                                  
l.5 ç§°ç®—å­$T$æ˜¯æ‹Ÿçº¿æ€§çš„
                               , å¦‚æœ$T$æ»¡è¶³:
You may provide a definition with
\DeclareUnicodeCharacter 

Missing character: There is no , in font nullfont!

! Package inputenc Error: Unicode character å¦‚ (U+5982)
(inputenc)                not set up for use with LaTeX.

See the inputenc package documentation for explanation.
Type  H <return>  for immediate help.
 ...                                              
                                                  
l.5 ç§°ç®—å­$T$æ˜¯æ‹Ÿçº¿æ€§çš„, å¦‚
                                    æœ$T$æ»¡è¶³:
You may provide a definition with
\DeclareUnicodeCharacter 


! Package inputenc Error: Unicode character æœ (U+679C)
(inputenc)                not set up for use with LaTeX.

See the inputenc package documentation for explanation.
Type  H <return>  for immediate help.
 ...                                              
                                                  
l.5 ç§°ç®—å­$T$æ˜¯æ‹Ÿçº¿æ€§çš„, å¦‚æœ
                                       $T$æ»¡è¶³:
You may provide a definition with
\DeclareUnicodeCharacter 


! Package inputenc Error: Unicode character æ»¡ (U+6EE1)
(inputenc)                not set up for use with LaTeX.

See the inputenc package documentation for explanation.
Type  H <return>  for immediate help.
 ...                                              
                                                  
l.5 ç§°ç®—å­$T$æ˜¯æ‹Ÿçº¿æ€§çš„, å¦‚æœ$T$æ»¡
                                             è¶³:
You may provide a definition with
\DeclareUnicodeCharacter 


! Package inputenc Error: Unicode character è¶³ (U+8DB3)
(inputenc)                not set up for use with LaTeX.

See the inputenc package documentation for explanation.
Type  H <return>  for immediate help.
 ...                                              
                                                  
l.5 ç§°ç®—å­$T$æ˜¯æ‹Ÿçº¿æ€§çš„, å¦‚æœ$T$æ»¡è¶³
                                                :
You may provide a definition with
\DeclareUnicodeCharacter 

Missing character: There is no : in font nullfont!
! Undefined control sequence.
l.6 \bee
        
The control sequence at the end of the top line
of your error message was never \def'ed. If you have
misspelled it (e.g., `\hobx'), type `I' and the correct
spelling (e.g., `I\hbox'). Otherwise just continue,
and I'll forget about whatever was undefined.

! Missing $ inserted.
<inserted text> 
                $
l.7 \left
         |T(\lambda f)\right|=\left|\lambda\right|\cdot\left|T(f)\right| \te...
I've inserted a begin-math/end-math symbol since I think
you left one out. Proceed, with fingers crossed.

! Undefined control sequence.
l.7 ...|\lambda\right|\cdot\left|T(f)\right| \text
                                                  { and } \left|T(f+g)\right...
The control sequence at the end of the top line
of your error message was never \def'ed. If you have
misspelled it (e.g., `\hobx'), type `I' and the correct
spelling (e.g., `I\hbox'). Otherwise just continue,
and I'll forget about whatever was undefined.

! Undefined control sequence.
l.8 \eee
        
The control sequence at the end of the top line
of your error message was never \def'ed. If you have
misspelled it (e.g., `\hobx'), type `I' and the correct
spelling (e.g., `I\hbox'). Otherwise just continue,
and I'll forget about whatever was undefined.


! Package inputenc Error: Unicode character å…¶ (U+5176)
(inputenc)                not set up for use with LaTeX.

See the inputenc package documentation for explanation.
Type  H <return>  for immediate help.
 ...                                              
                                                  
l.9 å…¶
       ä¸­$K>0$, $\lambda\in \CC$. ä¸€èˆ¬æƒ…å†µè®¤ä¸º$K\ge 1$.
You may provide a definition with
\DeclareUnicodeCharacter 


! Package inputenc Error: Unicode character ä¸­ (U+4E2D)
(inputenc)                not set up for use with LaTeX.

See the inputenc package documentation for explanation.
Type  H <return>  for immediate help.
 ...                                              
                                                  
l.9 å…¶ä¸­
          $K>0$, $\lambda\in \CC$. ä¸€èˆ¬æƒ…å†µè®¤ä¸º$K\ge 1$.
You may provide a definition with
\DeclareUnicodeCharacter 

Missing character: There is no K in font nullfont!
Missing character: There is no > in font nullfont!
Missing character: There is no 0 in font nullfont!
! Missing $ inserted.
<inserted text> 
                $
l.9 å…¶ä¸­$K>0$, $\lambda
                         \in \CC$. ä¸€èˆ¬æƒ…å†µè®¤ä¸º$K\ge 1$.
I've inserted a begin-math/end-math symbol since I think
you left one out. Proceed, with fingers crossed.

! Undefined control sequence.
l.9 å…¶ä¸­$K>0$, $\lambda\in \CC
                                $. ä¸€èˆ¬æƒ…å†µè®¤ä¸º$K\ge 1$.
The control sequence at the end of the top line
of your error message was never \def'ed. If you have
misspelled it (e.g., `\hobx'), type `I' and the correct
spelling (e.g., `I\hbox'). Otherwise just continue,
and I'll forget about whatever was undefined.

Missing character: There is no . in font nullfont!

! Package inputenc Error: Unicode character ä¸€ (U+4E00)
(inputenc)                not set up for use with LaTeX.

See the inputenc package documentation for explanation.
Type  H <return>  for immediate help.
 ...                                              
                                                  
l.9 å…¶ä¸­$K>0$, $\lambda\in \CC$. ä¸€
                                      èˆ¬æƒ…å†µè®¤ä¸º$K\ge 1$.
You may provide a definition with
\DeclareUnicodeCharacter 


! Package inputenc Error: Unicode character èˆ¬ (U+822C)
(inputenc)                not set up for use with LaTeX.

See the inputenc package documentation for explanation.
Type  H <return>  for immediate help.
 ...                                              
                                                  
l.9 å…¶ä¸­$K>0$, $\lambda\in \CC$. ä¸€èˆ¬
                                         æƒ…å†µè®¤ä¸º$K\ge 1$.
You may provide a definition with
\DeclareUnicodeCharacter 


! Package inputenc Error: Unicode character æƒ… (U+60C5)
(inputenc)                not set up for use with LaTeX.

See the inputenc package documentation for explanation.
Type  H <return>  for immediate help.
 ...                                              
                                                  
l.9 å…¶ä¸­$K>0$, $\lambda\in \CC$. ä¸€èˆ¬æƒ…
                                            å†µè®¤ä¸º$K\ge 1$.
You may provide a definition with
\DeclareUnicodeCharacter 


! Package inputenc Error: Unicode character å†µ (U+51B5)
(inputenc)                not set up for use with LaTeX.

See the inputenc package documentation for explanation.
Type  H <return>  for immediate help.
 ...                                              
                                                  
l.9 å…¶ä¸­$K>0$, $\lambda\in \CC$. ä¸€èˆ¬æƒ…å†µ
                                               è®¤ä¸º$K\ge 1$.
You may provide a definition with
\DeclareUnicodeCharacter 


! Package inputenc Error: Unicode character è®¤ (U+8BA4)
(inputenc)                not set up for use with LaTeX.

See the inputenc package documentation for explanation.
Type  H <return>  for immediate help.
 ...                                              
                                                  
l.9 å…¶ä¸­$K>0$, $\lambda\in \CC$. ä¸€èˆ¬æƒ…å†µè®¤
                                                  ä¸º$K\ge 1$.
You may provide a definition with
\DeclareUnicodeCharacter 


! Package inputenc Error: Unicode character ä¸º (U+4E3A)
(inputenc)                not set up for use with LaTeX.

See the inputenc package documentation for explanation.
Type  H <return>  for immediate help.
 ...                                              
                                                  
l.9 ...$K>0$, $\lambda\in \CC$. ä¸€èˆ¬æƒ…å†µè®¤ä¸º
                                                  $K\ge 1$.
You may provide a definition with
\DeclareUnicodeCharacter 

Missing character: There is no . in font nullfont!
! Undefined control sequence.
l.10 \ed
        
The control sequence at the end of the top line
of your error message was never \def'ed. If you have
misspelled it (e.g., `\hobx'), type `I' and the correct
spelling (e.g., `I\hbox'). Otherwise just continue,
and I'll forget about whatever was undefined.


Overfull \hbox (20.0pt too wide) in paragraph at lines 1--11
[]
 []


Overfull \hbox (7.23265pt too wide) in paragraph at lines 1--11
\OML/cmm/m/it/10 T$
 []


Overfull \hbox (7.23265pt too wide) in paragraph at lines 1--11
\OML/cmm/m/it/10 T$
 []


Overfull \hbox (42.92715pt too wide) in paragraph at lines 1--11
[] \OT1/cmr/m/n/10 =
 []


Overfull \hbox (14.16672pt too wide) in paragraph at lines 1--11
[] \OMS/cmsy/m/n/10 ^^A
 []


Overfull \hbox (100.80904pt too wide) in paragraph at lines 1--11
[] [] [] \OMS/cmsy/m/n/10 ^^T
 []


Overfull \hbox (47.41331pt too wide) in paragraph at lines 1--11
\OML/cmm/m/it/10 K\OT1/cmr/m/n/10 ([] +
 []


Overfull \hbox (48.19444pt too wide) in paragraph at lines 1--11
[] \OML/cmm/m/it/10 ;$$;$$^^U \OMS/cmsy/m/n/10 2$
 []


Overfull \hbox (19.76384pt too wide) in paragraph at lines 1--11
\OML/cmm/m/it/10 K \OMS/cmsy/m/n/10 ^^U
 []


Overfull \hbox (5.00002pt too wide) in paragraph at lines 1--11
\OT1/cmr/m/n/10 1$ 
 []

! Undefined control sequence.
l.12 \bt
        {}{}
The control sequence at the end of the top line
of your error message was never \def'ed. If you have
misspelled it (e.g., `\hobx'), type `I' and the correct
spelling (e.g., `I\hbox'). Otherwise just continue,
and I'll forget about whatever was undefined.


! Package inputenc Error: Unicode character è®¾ (U+8BBE)
(inputenc)                not set up for use with LaTeX.

See the inputenc package documentation for explanation.
Type  H <return>  for immediate help.
 ...                                              
                                                  
l.13 è®¾
        $0<r\le\infty$, $0<p_{0}\ne p_{1}\le\infty$, $0<q_{0}\ne q_{1}\le\in...

You may provide a definition with
\DeclareUnicodeCharacter 


! LaTeX Error: Missing \begin{document}.

See the LaTeX manual or LaTeX Companion for explanation.
Type  H <return>  for immediate help.
 ...                                              
                                                  
l.13 è®¾$
         0<r\le\infty$, $0<p_{0}\ne p_{1}\le\infty$, $0<q_{0}\ne q_{1}\le\in...

You're in trouble here.  Try typing  <return>  to proceed.
If that doesn't work, type  X <return>  to quit.

Missing character: There is no , in font nullfont!
Missing character: There is no , in font nullfont!
Missing character: There is no , in font nullfont!

! Package inputenc Error: Unicode character å’Œ (U+548C)
(inputenc)                not set up for use with LaTeX.

See the inputenc package documentation for explanation.
Type  H <return>  for immediate help.
 ...                                              
                                                  
l.14 $\left(X,\mu\right)$å’Œ
                            $\left(Y,\nu\right)$æ˜¯ä¸¤ä¸ªæµ‹åº¦ç©ºé—´. è®¾$T...

You may provide a definition with
\DeclareUnicodeCharacter 


! Package inputenc Error: Unicode character æ˜¯ (U+662F)
(inputenc)                not set up for use with LaTeX.

See the inputenc package documentation for explanation.
Type  H <return>  for immediate help.
 ...                                              
                                                  
l.14 ...ft(X,\mu\right)$å’Œ$\left(Y,\nu\right)$æ˜¯
                                                  ä¸¤ä¸ªæµ‹åº¦ç©ºé—´. è®¾$T$...

You may provide a definition with
\DeclareUnicodeCharacter 


! Package inputenc Error: Unicode character ä¸¤ (U+4E24)
(inputenc)                not set up for use with LaTeX.

See the inputenc package documentation for explanation.
Type  H <return>  for immediate help.
 ...                                              
                                                  
l.14 ...X,\mu\right)$å’Œ$\left(Y,\nu\right)$æ˜¯ä¸¤
                                                  ä¸ªæµ‹åº¦ç©ºé—´. è®¾$T$æ˜¯...

You may provide a definition with
\DeclareUnicodeCharacter 


! Package inputenc Error: Unicode character ä¸ª (U+4E2A)
(inputenc)                not set up for use with LaTeX.

See the inputenc package documentation for explanation.
Type  H <return>  for immediate help.
 ...                                              
                                                  
l.14 ...mu\right)$å’Œ$\left(Y,\nu\right)$æ˜¯ä¸¤ä¸ª
                                                  æµ‹åº¦ç©ºé—´. è®¾$T$æ˜¯å®š...

You may provide a definition with
\DeclareUnicodeCharacter 


! Package inputenc Error: Unicode character æµ‹ (U+6D4B)
(inputenc)                not set up for use with LaTeX.

See the inputenc package documentation for explanation.
Type  H <return>  for immediate help.
 ...                                              
                                                  
l.14 ...right)$å’Œ$\left(Y,\nu\right)$æ˜¯ä¸¤ä¸ªæµ‹
                                                  åº¦ç©ºé—´. è®¾$T$æ˜¯å®šä¹‰...

You may provide a definition with
\DeclareUnicodeCharacter 


! Package inputenc Error: Unicode character åº¦ (U+5EA6)
(inputenc)                not set up for use with LaTeX.

See the inputenc package documentation for explanation.
Type  H <return>  for immediate help.
 ...                                              
                                                  
l.14 ...ht)$å’Œ$\left(Y,\nu\right)$æ˜¯ä¸¤ä¸ªæµ‹åº¦
                                                  ç©ºé—´. è®¾$T$æ˜¯å®šä¹‰åœ¨...

You may provide a definition with
\DeclareUnicodeCharacter 


! Package inputenc Error: Unicode character ç©º (U+7A7A)
(inputenc)                not set up for use with LaTeX.

See the inputenc package documentation for explanation.
Type  H <return>  for immediate help.
 ...                                              
                                                  
l.14 ...$å’Œ$\left(Y,\nu\right)$æ˜¯ä¸¤ä¸ªæµ‹åº¦ç©º
                                                  é—´. è®¾$T$æ˜¯å®šä¹‰åœ¨$L^...

You may provide a definition with
\DeclareUnicodeCharacter 


! Package inputenc Error: Unicode character é—´ (U+95F4)
(inputenc)                not set up for use with LaTeX.

See the inputenc package documentation for explanation.
Type  H <return>  for immediate help.
 ...                                              
                                                  
l.14 ...Œ$\left(Y,\nu\right)$æ˜¯ä¸¤ä¸ªæµ‹åº¦ç©ºé—´
                                                  . è®¾$T$æ˜¯å®šä¹‰åœ¨$L^{p_...

You may provide a definition with
\DeclareUnicodeCharacter 

Missing character: There is no . in font nullfont!

! Package inputenc Error: Unicode character è®¾ (U+8BBE)
(inputenc)                not set up for use with LaTeX.

See the inputenc package documentation for explanation.
Type  H <return>  for immediate help.
 ...                                              
                                                  
l.14 ...ft(Y,\nu\right)$æ˜¯ä¸¤ä¸ªæµ‹åº¦ç©ºé—´. è®¾
                                                  $T$æ˜¯å®šä¹‰åœ¨$L^{p_{0}}(...

You may provide a definition with
\DeclareUnicodeCharacter 


! Package inputenc Error: Unicode character æ˜¯ (U+662F)
(inputenc)                not set up for use with LaTeX.

See the inputenc package documentation for explanation.
Type  H <return>  for immediate help.
 ...                                              
                                                  
l.14 ...nu\right)$æ˜¯ä¸¤ä¸ªæµ‹åº¦ç©ºé—´. è®¾$T$æ˜¯
                                                  å®šä¹‰åœ¨$L^{p_{0}}(X)+L^{...

You may provide a definition with
\DeclareUnicodeCharacter 


! Package inputenc Error: Unicode character å®š (U+5B9A)
(inputenc)                not set up for use with LaTeX.

See the inputenc package documentation for explanation.
Type  H <return>  for immediate help.
 ...                                              
                                                  
l.14 ...right)$æ˜¯ä¸¤ä¸ªæµ‹åº¦ç©ºé—´. è®¾$T$æ˜¯å®š
                                                  ä¹‰åœ¨$L^{p_{0}}(X)+L^{p_{...

You may provide a definition with
\DeclareUnicodeCharacter 


! Package inputenc Error: Unicode character ä¹‰ (U+4E49)
(inputenc)                not set up for use with LaTeX.

See the inputenc package documentation for explanation.
Type  H <return>  for immediate help.
 ...                                              
                                                  
l.14 ...ht)$æ˜¯ä¸¤ä¸ªæµ‹åº¦ç©ºé—´. è®¾$T$æ˜¯å®šä¹‰
                                                  åœ¨$L^{p_{0}}(X)+L^{p_{1}}...

You may provide a definition with
\DeclareUnicodeCharacter 


! Package inputenc Error: Unicode character åœ¨ (U+5728)
(inputenc)                not set up for use with LaTeX.

See the inputenc package documentation for explanation.
Type  H <return>  for immediate help.
 ...                                              
                                                  
l.14 ...$æ˜¯ä¸¤ä¸ªæµ‹åº¦ç©ºé—´. è®¾$T$æ˜¯å®šä¹‰åœ¨
                                                  $L^{p_{0}}(X)+L^{p_{1}}(X)...

You may provide a definition with
\DeclareUnicodeCharacter 


! Package inputenc Error: Unicode character ä¸Š (U+4E0A)
(inputenc)                not set up for use with LaTeX.

See the inputenc package documentation for explanation.
Type  H <return>  for immediate help.
 ...                                              
                                                  
l.14 ...æ˜¯å®šä¹‰åœ¨$L^{p_{0}}(X)+L^{p_{1}}(X)$ä¸Š
                                                  å–å€¼ä¸º$Y$ä¸Šçš„å¯æµ‹å‡...

You may provide a definition with
\DeclareUnicodeCharacter 


! Package inputenc Error: Unicode character å– (U+53D6)
(inputenc)                not set up for use with LaTeX.

See the inputenc package documentation for explanation.
Type  H <return>  for immediate help.
 ...                                              
                                                  
l.14 ...å®šä¹‰åœ¨$L^{p_{0}}(X)+L^{p_{1}}(X)$ä¸Šå–
                                                  å€¼ä¸º$Y$ä¸Šçš„å¯æµ‹å‡½æ•...

You may provide a definition with
\DeclareUnicodeCharacter 


! Package inputenc Error: Unicode character å€¼ (U+503C)
(inputenc)                not set up for use with LaTeX.

See the inputenc package documentation for explanation.
Type  H <return>  for immediate help.
 ...                                              
                                                  
l.14 ...ä¹‰åœ¨$L^{p_{0}}(X)+L^{p_{1}}(X)$ä¸Šå–å€¼
                                                  ä¸º$Y$ä¸Šçš„å¯æµ‹å‡½æ•°çš...

You may provide a definition with
\DeclareUnicodeCharacter 


! Package inputenc Error: Unicode character ä¸º (U+4E3A)
(inputenc)                not set up for use with LaTeX.

See the inputenc package documentation for explanation.
Type  H <return>  for immediate help.
 ...                                              
                                                  
l.14 ...åœ¨$L^{p_{0}}(X)+L^{p_{1}}(X)$ä¸Šå–å€¼ä¸º
                                                  $Y$ä¸Šçš„å¯æµ‹å‡½æ•°çš„æ‹...

You may provide a definition with
\DeclareUnicodeCharacter 


! Package inputenc Error: Unicode character ä¸Š (U+4E0A)
(inputenc)                not set up for use with LaTeX.

See the inputenc package documentation for explanation.
Type  H <return>  for immediate help.
 ...                                              
                                                  
l.14 ...{p_{0}}(X)+L^{p_{1}}(X)$ä¸Šå–å€¼ä¸º$Y$ä¸Š
                                                  çš„å¯æµ‹å‡½æ•°çš„æ‹Ÿçº¿æ€...

You may provide a definition with
\DeclareUnicodeCharacter 


! Package inputenc Error: Unicode character çš„ (U+7684)
(inputenc)                not set up for use with LaTeX.

See the inputenc package documentation for explanation.
Type  H <return>  for immediate help.
 ...                                              
                                                  
l.14 ...{0}}(X)+L^{p_{1}}(X)$ä¸Šå–å€¼ä¸º$Y$ä¸Šçš„
                                                  å¯æµ‹å‡½æ•°çš„æ‹Ÿçº¿æ€§ç®...

You may provide a definition with
\DeclareUnicodeCharacter 


! Package inputenc Error: Unicode character å¯ (U+53EF)
(inputenc)                not set up for use with LaTeX.

See the inputenc package documentation for explanation.
Type  H <return>  for immediate help.
 ...                                              
                                                  
l.14 ...}(X)+L^{p_{1}}(X)$ä¸Šå–å€¼ä¸º$Y$ä¸Šçš„å¯
                                                  æµ‹å‡½æ•°çš„æ‹Ÿçº¿æ€§ç®—å­...

You may provide a definition with
\DeclareUnicodeCharacter 


! Package inputenc Error: Unicode character æµ‹ (U+6D4B)
(inputenc)                not set up for use with LaTeX.

See the inputenc package documentation for explanation.
Type  H <return>  for immediate help.
 ...                                              
                                                  
l.14 ...)+L^{p_{1}}(X)$ä¸Šå–å€¼ä¸º$Y$ä¸Šçš„å¯æµ‹
                                                  å‡½æ•°çš„æ‹Ÿçº¿æ€§ç®—å­æˆ...

You may provide a definition with
\DeclareUnicodeCharacter 


! Package inputenc Error: Unicode character å‡½ (U+51FD)
(inputenc)                not set up for use with LaTeX.

See the inputenc package documentation for explanation.
Type  H <return>  for immediate help.
 ...                                              
                                                  
l.14 ...^{p_{1}}(X)$ä¸Šå–å€¼ä¸º$Y$ä¸Šçš„å¯æµ‹å‡½
                                                  æ•°çš„æ‹Ÿçº¿æ€§ç®—å­æˆ–æ˜...

You may provide a definition with
\DeclareUnicodeCharacter 


! Package inputenc Error: Unicode character æ•° (U+6570)
(inputenc)                not set up for use with LaTeX.

See the inputenc package documentation for explanation.
Type  H <return>  for immediate help.
 ...                                              
                                                  
l.14 ..._{1}}(X)$ä¸Šå–å€¼ä¸º$Y$ä¸Šçš„å¯æµ‹å‡½æ•°
                                                  çš„æ‹Ÿçº¿æ€§ç®—å­æˆ–æ˜¯å®...

You may provide a definition with
\DeclareUnicodeCharacter 


! Package inputenc Error: Unicode character çš„ (U+7684)
(inputenc)                not set up for use with LaTeX.

See the inputenc package documentation for explanation.
Type  H <return>  for immediate help.
 ...                                              
                                                  
l.14 ...}}(X)$ä¸Šå–å€¼ä¸º$Y$ä¸Šçš„å¯æµ‹å‡½æ•°çš„
                                                  æ‹Ÿçº¿æ€§ç®—å­æˆ–æ˜¯å®šä¹...

You may provide a definition with
\DeclareUnicodeCharacter 


! Package inputenc Error: Unicode character æ‹Ÿ (U+62DF)
(inputenc)                not set up for use with LaTeX.

See the inputenc package documentation for explanation.
Type  H <return>  for immediate help.
 ...                                              
                                                  
l.14 ...X)$ä¸Šå–å€¼ä¸º$Y$ä¸Šçš„å¯æµ‹å‡½æ•°çš„æ‹Ÿ
                                                  çº¿æ€§ç®—å­æˆ–æ˜¯å®šä¹‰åœ...

You may provide a definition with
\DeclareUnicodeCharacter 


! Package inputenc Error: Unicode character çº¿ (U+7EBF)
(inputenc)                not set up for use with LaTeX.

See the inputenc package documentation for explanation.
Type  H <return>  for immediate help.
 ...                                              
                                                  
l.14 ...ä¸Šå–å€¼ä¸º$Y$ä¸Šçš„å¯æµ‹å‡½æ•°çš„æ‹Ÿçº¿
                                                  æ€§ç®—å­æˆ–æ˜¯å®šä¹‰åœ¨$X...

You may provide a definition with
\DeclareUnicodeCharacter 


! Package inputenc Error: Unicode character æ€§ (U+6027)
(inputenc)                not set up for use with LaTeX.

See the inputenc package documentation for explanation.
Type  H <return>  for immediate help.
 ...                                              
                                                  
l.14 ...å–å€¼ä¸º$Y$ä¸Šçš„å¯æµ‹å‡½æ•°çš„æ‹Ÿçº¿æ€§
                                                  ç®—å­æˆ–æ˜¯å®šä¹‰åœ¨$X$ä¸...

You may provide a definition with
\DeclareUnicodeCharacter 


! Package inputenc Error: Unicode character ç®— (U+7B97)
(inputenc)                not set up for use with LaTeX.

See the inputenc package documentation for explanation.
Type  H <return>  for immediate help.
 ...                                              
                                                  
l.14 ...å€¼ä¸º$Y$ä¸Šçš„å¯æµ‹å‡½æ•°çš„æ‹Ÿçº¿æ€§ç®—
                                                  å­æˆ–æ˜¯å®šä¹‰åœ¨$X$ä¸Šçš...

You may provide a definition with
\DeclareUnicodeCharacter 


! Package inputenc Error: Unicode character å­ (U+5B50)
(inputenc)                not set up for use with LaTeX.

See the inputenc package documentation for explanation.
Type  H <return>  for immediate help.
 ...                                              
                                                  
l.14 ...ä¸º$Y$ä¸Šçš„å¯æµ‹å‡½æ•°çš„æ‹Ÿçº¿æ€§ç®—å­
                                                  æˆ–æ˜¯å®šä¹‰åœ¨$X$ä¸Šçš„ç®...

You may provide a definition with
\DeclareUnicodeCharacter 


! Package inputenc Error: Unicode character æˆ– (U+6216)
(inputenc)                not set up for use with LaTeX.

See the inputenc package documentation for explanation.
Type  H <return>  for immediate help.
 ...                                              
                                                  
l.14 ...$Y$ä¸Šçš„å¯æµ‹å‡½æ•°çš„æ‹Ÿçº¿æ€§ç®—å­æˆ–
                                                  æ˜¯å®šä¹‰åœ¨$X$ä¸Šçš„ç®€å...

You may provide a definition with
\DeclareUnicodeCharacter 


! Package inputenc Error: Unicode character æ˜¯ (U+662F)
(inputenc)                not set up for use with LaTeX.

See the inputenc package documentation for explanation.
Type  H <return>  for immediate help.
 ...                                              
                                                  
l.14 ...ä¸Šçš„å¯æµ‹å‡½æ•°çš„æ‹Ÿçº¿æ€§ç®—å­æˆ–æ˜¯
                                                  å®šä¹‰åœ¨$X$ä¸Šçš„ç®€å•å‡...

You may provide a definition with
\DeclareUnicodeCharacter 


! Package inputenc Error: Unicode character å®š (U+5B9A)
(inputenc)                not set up for use with LaTeX.

See the inputenc package documentation for explanation.
Type  H <return>  for immediate help.
 ...                                              
                                                  
l.14 ...çš„å¯æµ‹å‡½æ•°çš„æ‹Ÿçº¿æ€§ç®—å­æˆ–æ˜¯å®š
                                                  ä¹‰åœ¨$X$ä¸Šçš„ç®€å•å‡½æ•...

You may provide a definition with
\DeclareUnicodeCharacter 


! Package inputenc Error: Unicode character ä¹‰ (U+4E49)
(inputenc)                not set up for use with LaTeX.

See the inputenc package documentation for explanation.
Type  H <return>  for immediate help.
 ...                                              
                                                  
l.14 ...å¯æµ‹å‡½æ•°çš„æ‹Ÿçº¿æ€§ç®—å­æˆ–æ˜¯å®šä¹‰
                                                  åœ¨$X$ä¸Šçš„ç®€å•å‡½æ•°å...

You may provide a definition with
\DeclareUnicodeCharacter 


! Package inputenc Error: Unicode character åœ¨ (U+5728)
(inputenc)                not set up for use with LaTeX.

See the inputenc package documentation for explanation.
Type  H <return>  for immediate help.
 ...                                              
                                                  
l.14 ...æµ‹å‡½æ•°çš„æ‹Ÿçº¿æ€§ç®—å­æˆ–æ˜¯å®šä¹‰åœ¨
                                                  $X$ä¸Šçš„ç®€å•å‡½æ•°å–å€...

You may provide a definition with
\DeclareUnicodeCharacter 


! Package inputenc Error: Unicode character ä¸Š (U+4E0A)
(inputenc)                not set up for use with LaTeX.

See the inputenc package documentation for explanation.
Type  H <return>  for immediate help.
 ...                                              
                                                  
l.14 ...æ•°çš„æ‹Ÿçº¿æ€§ç®—å­æˆ–æ˜¯å®šä¹‰åœ¨$X$ä¸Š
                                                  çš„ç®€å•å‡½æ•°å–å€¼ä¸º$Y...

You may provide a definition with
\DeclareUnicodeCharacter 


! Package inputenc Error: Unicode character çš„ (U+7684)
(inputenc)                not set up for use with LaTeX.

See the inputenc package documentation for explanation.
Type  H <return>  for immediate help.
 ...                                              
                                                  
l.14 ...çš„æ‹Ÿçº¿æ€§ç®—å­æˆ–æ˜¯å®šä¹‰åœ¨$X$ä¸Šçš„
                                                  ç®€å•å‡½æ•°å–å€¼ä¸º$Y$ä¸...

You may provide a definition with
\DeclareUnicodeCharacter 


! Package inputenc Error: Unicode character ç®€ (U+7B80)
(inputenc)                not set up for use with LaTeX.

See the inputenc package documentation for explanation.
Type  H <return>  for immediate help.
 ...                                              
                                                  
l.14 ...æ‹Ÿçº¿æ€§ç®—å­æˆ–æ˜¯å®šä¹‰åœ¨$X$ä¸Šçš„ç®€
                                                  å•å‡½æ•°å–å€¼ä¸º$Y$ä¸Šçš...

You may provide a definition with
\DeclareUnicodeCharacter 


! Package inputenc Error: Unicode character å• (U+5355)
(inputenc)                not set up for use with LaTeX.

See the inputenc package documentation for explanation.
Type  H <return>  for immediate help.
 ...                                              
                                                  
l.14 ...çº¿æ€§ç®—å­æˆ–æ˜¯å®šä¹‰åœ¨$X$ä¸Šçš„ç®€å•
                                                  å‡½æ•°å–å€¼ä¸º$Y$ä¸Šçš„å...

You may provide a definition with
\DeclareUnicodeCharacter 


! Package inputenc Error: Unicode character å‡½ (U+51FD)
(inputenc)                not set up for use with LaTeX.

See the inputenc package documentation for explanation.
Type  H <return>  for immediate help.
 ...                                              
                                                  
l.14 ...æ€§ç®—å­æˆ–æ˜¯å®šä¹‰åœ¨$X$ä¸Šçš„ç®€å•å‡½
                                                  æ•°å–å€¼ä¸º$Y$ä¸Šçš„å¯æµ...

You may provide a definition with
\DeclareUnicodeCharacter 


! Package inputenc Error: Unicode character æ•° (U+6570)
(inputenc)                not set up for use with LaTeX.

See the inputenc package documentation for explanation.
Type  H <return>  for immediate help.
 ...                                              
                                                  
l.14 ...ç®—å­æˆ–æ˜¯å®šä¹‰åœ¨$X$ä¸Šçš„ç®€å•å‡½æ•°
                                                  å–å€¼ä¸º$Y$ä¸Šçš„å¯æµ‹å‡...

You may provide a definition with
\DeclareUnicodeCharacter 


! Package inputenc Error: Unicode character å– (U+53D6)
(inputenc)                not set up for use with LaTeX.

See the inputenc package documentation for explanation.
Type  H <return>  for immediate help.
 ...                                              
                                                  
l.14 ...å­æˆ–æ˜¯å®šä¹‰åœ¨$X$ä¸Šçš„ç®€å•å‡½æ•°å–
                                                  å€¼ä¸º$Y$ä¸Šçš„å¯æµ‹å‡½æ•...

You may provide a definition with
\DeclareUnicodeCharacter 


! Package inputenc Error: Unicode character å€¼ (U+503C)
(inputenc)                not set up for use with LaTeX.

See the inputenc package documentation for explanation.
Type  H <return>  for immediate help.
 ...                                              
                                                  
l.14 ...æˆ–æ˜¯å®šä¹‰åœ¨$X$ä¸Šçš„ç®€å•å‡½æ•°å–å€¼
                                                  ä¸º$Y$ä¸Šçš„å¯æµ‹å‡½æ•°çš...

You may provide a definition with
\DeclareUnicodeCharacter 


! Package inputenc Error: Unicode character ä¸º (U+4E3A)
(inputenc)                not set up for use with LaTeX.

See the inputenc package documentation for explanation.
Type  H <return>  for immediate help.
 ...                                              
                                                  
l.14 ...æ˜¯å®šä¹‰åœ¨$X$ä¸Šçš„ç®€å•å‡½æ•°å–å€¼ä¸º
                                                  $Y$ä¸Šçš„å¯æµ‹å‡½æ•°çš„çº...

You may provide a definition with
\DeclareUnicodeCharacter 


! Package inputenc Error: Unicode character ä¸Š (U+4E0A)
(inputenc)                not set up for use with LaTeX.

See the inputenc package documentation for explanation.
Type  H <return>  for immediate help.
 ...                                              
                                                  
l.14 ...ä¹‰åœ¨$X$ä¸Šçš„ç®€å•å‡½æ•°å–å€¼ä¸º$Y$ä¸Š
                                                  çš„å¯æµ‹å‡½æ•°çš„çº¿æ€§ç®...

You may provide a definition with
\DeclareUnicodeCharacter 


! Package inputenc Error: Unicode character çš„ (U+7684)
(inputenc)                not set up for use with LaTeX.

See the inputenc package documentation for explanation.
Type  H <return>  for immediate help.
 ...                                              
                                                  
l.14 ...åœ¨$X$ä¸Šçš„ç®€å•å‡½æ•°å–å€¼ä¸º$Y$ä¸Šçš„
                                                  å¯æµ‹å‡½æ•°çš„çº¿æ€§ç®—å­.
You may provide a definition with
\DeclareUnicodeCharacter 


! Package inputenc Error: Unicode character å¯ (U+53EF)
(inputenc)                not set up for use with LaTeX.

See the inputenc package documentation for explanation.
Type  H <return>  for immediate help.
 ...                                              
                                                  
l.14 ...$X$ä¸Šçš„ç®€å•å‡½æ•°å–å€¼ä¸º$Y$ä¸Šçš„å¯
                                                  æµ‹å‡½æ•°çš„çº¿æ€§ç®—å­.
You may provide a definition with
\DeclareUnicodeCharacter 


! Package inputenc Error: Unicode character æµ‹ (U+6D4B)
(inputenc)                not set up for use with LaTeX.

See the inputenc package documentation for explanation.
Type  H <return>  for immediate help.
 ...                                              
                                                  
l.14 ...ä¸Šçš„ç®€å•å‡½æ•°å–å€¼ä¸º$Y$ä¸Šçš„å¯æµ‹
                                                  å‡½æ•°çš„çº¿æ€§ç®—å­.
You may provide a definition with
\DeclareUnicodeCharacter 


! Package inputenc Error: Unicode character å‡½ (U+51FD)
(inputenc)                not set up for use with LaTeX.

See the inputenc package documentation for explanation.
Type  H <return>  for immediate help.
 ...                                              
                                                  
l.14 ...çš„ç®€å•å‡½æ•°å–å€¼ä¸º$Y$ä¸Šçš„å¯æµ‹å‡½
                                                  æ•°çš„çº¿æ€§ç®—å­.
You may provide a definition with
\DeclareUnicodeCharacter 


! Package inputenc Error: Unicode character æ•° (U+6570)
(inputenc)                not set up for use with LaTeX.

See the inputenc package documentation for explanation.
Type  H <return>  for immediate help.
 ...                                              
                                                  
l.14 ...ç®€å•å‡½æ•°å–å€¼ä¸º$Y$ä¸Šçš„å¯æµ‹å‡½æ•°
                                                  çš„çº¿æ€§ç®—å­.
You may provide a definition with
\DeclareUnicodeCharacter 


! Package inputenc Error: Unicode character çš„ (U+7684)
(inputenc)                not set up for use with LaTeX.

See the inputenc package documentation for explanation.
Type  H <return>  for immediate help.
 ...                                              
                                                  
l.14 ...å•å‡½æ•°å–å€¼ä¸º$Y$ä¸Šçš„å¯æµ‹å‡½æ•°çš„
                                                  çº¿æ€§ç®—å­.
You may provide a definition with
\DeclareUnicodeCharacter 


! Package inputenc Error: Unicode character çº¿ (U+7EBF)
(inputenc)                not set up for use with LaTeX.

See the inputenc package documentation for explanation.
Type  H <return>  for immediate help.
 ...                                              
                                                  
l.14 ...å‡½æ•°å–å€¼ä¸º$Y$ä¸Šçš„å¯æµ‹å‡½æ•°çš„çº¿
                                                  æ€§ç®—å­.
You may provide a definition with
\DeclareUnicodeCharacter 


! Package inputenc Error: Unicode character æ€§ (U+6027)
(inputenc)                not set up for use with LaTeX.

See the inputenc package documentation for explanation.
Type  H <return>  for immediate help.
 ...                                              
                                                  
l.14 ...æ•°å–å€¼ä¸º$Y$ä¸Šçš„å¯æµ‹å‡½æ•°çš„çº¿æ€§
                                                  ç®—å­.
You may provide a definition with
\DeclareUnicodeCharacter 


! Package inputenc Error: Unicode character ç®— (U+7B97)
(inputenc)                not set up for use with LaTeX.

See the inputenc package documentation for explanation.
Type  H <return>  for immediate help.
 ...                                              
                                                  
l.14 ...å–å€¼ä¸º$Y$ä¸Šçš„å¯æµ‹å‡½æ•°çš„çº¿æ€§ç®—
                                                  å­.
You may provide a definition with
\DeclareUnicodeCharacter 


! Package inputenc Error: Unicode character å­ (U+5B50)
(inputenc)                not set up for use with LaTeX.

See the inputenc package documentation for explanation.
Type  H <return>  for immediate help.
 ...                                              
                                                  
l.14 ...å€¼ä¸º$Y$ä¸Šçš„å¯æµ‹å‡½æ•°çš„çº¿æ€§ç®—å­
                                                  .
You may provide a definition with
\DeclareUnicodeCharacter 

Missing character: There is no . in font nullfont!

! Package inputenc Error: Unicode character è‹¥ (U+82E5)
(inputenc)                not set up for use with LaTeX.

See the inputenc package documentation for explanation.
Type  H <return>  for immediate help.
 ...                                              
                                                  
l.15 è‹¥
        å¯¹äºæŸä¸ª$M_{0},M_{1}<\infty$, æœ‰ä»¥ä¸‹ä¼°è®¡:
You may provide a definition with
\DeclareUnicodeCharacter 


! Package inputenc Error: Unicode character å¯¹ (U+5BF9)
(inputenc)                not set up for use with LaTeX.

See the inputenc package documentation for explanation.
Type  H <return>  for immediate help.
 ...                                              
                                                  
l.15 è‹¥å¯¹
           äºæŸä¸ª$M_{0},M_{1}<\infty$, æœ‰ä»¥ä¸‹ä¼°è®¡:
You may provide a definition with
\DeclareUnicodeCharacter 


! Package inputenc Error: Unicode character äº (U+4E8E)
(inputenc)                not set up for use with LaTeX.

See the inputenc package documentation for explanation.
Type  H <return>  for immediate help.
 ...                                              
                                                  
l.15 è‹¥å¯¹äº
              æŸä¸ª$M_{0},M_{1}<\infty$, æœ‰ä»¥ä¸‹ä¼°è®¡:
You may provide a definition with
\DeclareUnicodeCharacter 


! Package inputenc Error: Unicode character æŸ (U+67D0)
(inputenc)                not set up for use with LaTeX.

See the inputenc package documentation for explanation.
Type  H <return>  for immediate help.
 ...                                              
                                                  
l.15 è‹¥å¯¹äºæŸ
                 ä¸ª$M_{0},M_{1}<\infty$, æœ‰ä»¥ä¸‹ä¼°è®¡:
You may provide a definition with
\DeclareUnicodeCharacter 


! Package inputenc Error: Unicode character ä¸ª (U+4E2A)
(inputenc)                not set up for use with LaTeX.

See the inputenc package documentation for explanation.
Type  H <return>  for immediate help.
 ...                                              
                                                  
l.15 è‹¥å¯¹äºæŸä¸ª
                    $M_{0},M_{1}<\infty$, æœ‰ä»¥ä¸‹ä¼°è®¡:
You may provide a definition with
\DeclareUnicodeCharacter 

Missing character: There is no , in font nullfont!

! Package inputenc Error: Unicode character æœ‰ (U+6709)
(inputenc)                not set up for use with LaTeX.

See the inputenc package documentation for explanation.
Type  H <return>  for immediate help.
 ...                                              
                                                  
l.15 è‹¥å¯¹äºæŸä¸ª$M_{0},M_{1}<\infty$, æœ‰
                                             ä»¥ä¸‹ä¼°è®¡:
You may provide a definition with
\DeclareUnicodeCharacter 


! Package inputenc Error: Unicode character ä»¥ (U+4EE5)
(inputenc)                not set up for use with LaTeX.

See the inputenc package documentation for explanation.
Type  H <return>  for immediate help.
 ...                                              
                                                  
l.15 è‹¥å¯¹äºæŸä¸ª$M_{0},M_{1}<\infty$, æœ‰ä»¥
                                                ä¸‹ä¼°è®¡:
You may provide a definition with
\DeclareUnicodeCharacter 


! Package inputenc Error: Unicode character ä¸‹ (U+4E0B)
(inputenc)                not set up for use with LaTeX.

See the inputenc package documentation for explanation.
Type  H <return>  for immediate help.
 ...                                              
                                                  
l.15 ...¯¹äºæŸä¸ª$M_{0},M_{1}<\infty$, æœ‰ä»¥ä¸‹
                                                  ä¼°è®¡:
You may provide a definition with
\DeclareUnicodeCharacter 


! Package inputenc Error: Unicode character ä¼° (U+4F30)
(inputenc)                not set up for use with LaTeX.

See the inputenc package documentation for explanation.
Type  H <return>  for immediate help.
 ...                                              
                                                  
l.15 ...ºæŸä¸ª$M_{0},M_{1}<\infty$, æœ‰ä»¥ä¸‹ä¼°
                                                  è®¡:
You may provide a definition with
\DeclareUnicodeCharacter 


! Package inputenc Error: Unicode character è®¡ (U+8BA1)
(inputenc)                not set up for use with LaTeX.

See the inputenc package documentation for explanation.
Type  H <return>  for immediate help.
 ...                                              
                                                  
l.15 ...Ÿä¸ª$M_{0},M_{1}<\infty$, æœ‰ä»¥ä¸‹ä¼°è®¡
                                                  :
You may provide a definition with
\DeclareUnicodeCharacter 

Missing character: There is no : in font nullfont!

Overfull \hbox (35.55553pt too wide) in paragraph at lines 13--16
[]$\OT1/cmr/m/n/10 0 \OML/cmm/m/it/10 <
 []


Overfull \hbox (15.34488pt too wide) in paragraph at lines 13--16
\OML/cmm/m/it/10 r \OMS/cmsy/m/n/10 ^^T
 []


Overfull \hbox (10.00002pt too wide) in paragraph at lines 13--16
\OMS/cmsy/m/n/10 1$
 []


Overfull \hbox (15.55553pt too wide) in paragraph at lines 13--16
\OT1/cmr/m/n/10 0 \OML/cmm/m/it/10 <
 []


Overfull \hbox (20.07289pt too wide) in paragraph at lines 13--16
\OML/cmm/m/it/10 p[] \OMS/cmsy/m/n/10 6\OT1/cmr/m/n/10 =
 []


Overfull \hbox (20.07289pt too wide) in paragraph at lines 13--16
\OML/cmm/m/it/10 p[] \OMS/cmsy/m/n/10 ^^T
 []


Overfull \hbox (10.00002pt too wide) in paragraph at lines 13--16
\OMS/cmsy/m/n/10 1$
 []


Overfull \hbox (15.55553pt too wide) in paragraph at lines 13--16
\OT1/cmr/m/n/10 0 \OML/cmm/m/it/10 <
 []


Overfull \hbox (19.50577pt too wide) in paragraph at lines 13--16
\OML/cmm/m/it/10 q[] \OMS/cmsy/m/n/10 6\OT1/cmr/m/n/10 =
 []


Overfull \hbox (19.50577pt too wide) in paragraph at lines 13--16
\OML/cmm/m/it/10 q[] \OMS/cmsy/m/n/10 ^^T
 []


Overfull \hbox (10.00002pt too wide) in paragraph at lines 13--16
\OMS/cmsy/m/n/10 1$
 []


Overfull \hbox (50.92128pt too wide) in paragraph at lines 13--16
[]$$[]$
 []


Overfull \hbox (47.18843pt too wide) in paragraph at lines 13--16
\OML/cmm/m/it/10 T$$L[]\OT1/cmr/m/n/10 (\OML/cmm/m/it/10 X\OT1/cmr/m/n/10 ) +
 []


Overfull \hbox (57.30298pt too wide) in paragraph at lines 13--16
\OML/cmm/m/it/10 L[]\OT1/cmr/m/n/10 (\OML/cmm/m/it/10 X\OT1/cmr/m/n/10 )$$\OML/
cmm/m/it/10 Y$$X$$Y$
 []


Overfull \hbox (43.37498pt too wide) in paragraph at lines 13--16
\OML/cmm/m/it/10 M[]; M[] <
 []


Overfull \hbox (10.00002pt too wide) in paragraph at lines 13--16
\OMS/cmsy/m/n/10 1$
 []


! LaTeX Error: Missing \begin{document}.

See the LaTeX manual or LaTeX Companion for explanation.
Type  H <return>  for immediate help.
 ...                                              
                                                  
l.17 \[
       
You're in trouble here.  Try typing  <return>  to proceed.
If that doesn't work, type  X <return>  to quit.


Overfull \hbox (20.0pt too wide) in paragraph at lines 17--17
[][] 
 []

! Undefined control sequence.
l.18 \norm
          {T(\chi_{A})}_{L^{q_{0},\infty}}\le M_{0}\mu(A)^{1/p_{0}},
The control sequence at the end of the top line
of your error message was never \def'ed. If you have
misspelled it (e.g., `\hobx'), type `I' and the correct
spelling (e.g., `I\hbox'). Otherwise just continue,
and I'll forget about whatever was undefined.


Overfull \hbox (118.77255pt too wide) detected at line 19
[][] \OMS/cmsy/m/n/10 ^^T \OML/cmm/m/it/10 M[]^^V\OT1/cmr/m/n/10 (\OML/cmm/m/it
/10 A\OT1/cmr/m/n/10 )[]\OML/cmm/m/it/10 ;
 []

! Undefined control sequence.
l.21 \norm
          {T(\chi_{A})}_{L^{q_{1},\infty}}\le M_{1}\mu(A)^{1/p_{1}},
The control sequence at the end of the top line
of your error message was never \def'ed. If you have
misspelled it (e.g., `\hobx'), type `I' and the correct
spelling (e.g., `I\hbox'). Otherwise just continue,
and I'll forget about whatever was undefined.


Overfull \hbox (118.77255pt too wide) detected at line 22
[][] \OMS/cmsy/m/n/10 ^^T \OML/cmm/m/it/10 M[]^^V\OT1/cmr/m/n/10 (\OML/cmm/m/it
/10 A\OT1/cmr/m/n/10 )[]\OML/cmm/m/it/10 ;
 []


! Package inputenc Error: Unicode character å¯¹ (U+5BF9)
(inputenc)                not set up for use with LaTeX.

See the inputenc package documentation for explanation.
Type  H <return>  for immediate help.
 ...                                              
                                                  
l.23 å¯¹
        äº$X$ä¸Šçš„å¯æµ‹å­é›†$A$: $\mu(A)<\infty$æˆç«‹. è®¾å¯¹äºå›ºå®šç...

You may provide a definition with
\DeclareUnicodeCharacter 


! Package inputenc Error: Unicode character äº (U+4E8E)
(inputenc)                not set up for use with LaTeX.

See the inputenc package documentation for explanation.
Type  H <return>  for immediate help.
 ...                                              
                                                  
l.23 å¯¹äº
           $X$ä¸Šçš„å¯æµ‹å­é›†$A$: $\mu(A)<\infty$æˆç«‹. è®¾å¯¹äºå›ºå®šç...

You may provide a definition with
\DeclareUnicodeCharacter 


! Package inputenc Error: Unicode character ä¸Š (U+4E0A)
(inputenc)                not set up for use with LaTeX.

See the inputenc package documentation for explanation.
Type  H <return>  for immediate help.
 ...                                              
                                                  
l.23 å¯¹äº$X$ä¸Š
                 çš„å¯æµ‹å­é›†$A$: $\mu(A)<\infty$æˆç«‹. è®¾å¯¹äºå›ºå®šç...

You may provide a definition with
\DeclareUnicodeCharacter 


! Package inputenc Error: Unicode character çš„ (U+7684)
(inputenc)                not set up for use with LaTeX.

See the inputenc package documentation for explanation.
Type  H <return>  for immediate help.
 ...                                              
                                                  
l.23 å¯¹äº$X$ä¸Šçš„
                    å¯æµ‹å­é›†$A$: $\mu(A)<\infty$æˆç«‹. è®¾å¯¹äºå›ºå®šç...

You may provide a definition with
\DeclareUnicodeCharacter 


! Package inputenc Error: Unicode character å¯ (U+53EF)
(inputenc)                not set up for use with LaTeX.

See the inputenc package documentation for explanation.
Type  H <return>  for immediate help.
 ...                                              
                                                  
l.23 å¯¹äº$X$ä¸Šçš„å¯
                       æµ‹å­é›†$A$: $\mu(A)<\infty$æˆç«‹. è®¾å¯¹äºå›ºå®šç...

You may provide a definition with
\DeclareUnicodeCharacter 


! Package inputenc Error: Unicode character æµ‹ (U+6D4B)
(inputenc)                not set up for use with LaTeX.

See the inputenc package documentation for explanation.
Type  H <return>  for immediate help.
 ...                                              
                                                  
l.23 å¯¹äº$X$ä¸Šçš„å¯æµ‹
                          å­é›†$A$: $\mu(A)<\infty$æˆç«‹. è®¾å¯¹äºå›ºå®šç...

You may provide a definition with
\DeclareUnicodeCharacter 


! Package inputenc Error: Unicode character å­ (U+5B50)
(inputenc)                not set up for use with LaTeX.

See the inputenc package documentation for explanation.
Type  H <return>  for immediate help.
 ...                                              
                                                  
l.23 å¯¹äº$X$ä¸Šçš„å¯æµ‹å­
                             é›†$A$: $\mu(A)<\infty$æˆç«‹. è®¾å¯¹äºå›ºå®šç...

You may provide a definition with
\DeclareUnicodeCharacter 


! Package inputenc Error: Unicode character é›† (U+96C6)
(inputenc)                not set up for use with LaTeX.

See the inputenc package documentation for explanation.
Type  H <return>  for immediate help.
 ...                                              
                                                  
l.23 å¯¹äº$X$ä¸Šçš„å¯æµ‹å­é›†
                                $A$: $\mu(A)<\infty$æˆç«‹. è®¾å¯¹äºå›ºå®šç...

You may provide a definition with
\DeclareUnicodeCharacter 

Missing character: There is no : in font nullfont!

! Package inputenc Error: Unicode character æˆ (U+6210)
(inputenc)                not set up for use with LaTeX.

See the inputenc package documentation for explanation.
Type  H <return>  for immediate help.
 ...                                              
                                                  
l.23 ...$ä¸Šçš„å¯æµ‹å­é›†$A$: $\mu(A)<\infty$æˆ
                                                  ç«‹. è®¾å¯¹äºå›ºå®šçš„$0<...

You may provide a definition with
\DeclareUnicodeCharacter 


! Package inputenc Error: Unicode character ç«‹ (U+7ACB)
(inputenc)                not set up for use with LaTeX.

See the inputenc package documentation for explanation.
Type  H <return>  for immediate help.
 ...                                              
                                                  
l.23 ...Šçš„å¯æµ‹å­é›†$A$: $\mu(A)<\infty$æˆç«‹
                                                  . è®¾å¯¹äºå›ºå®šçš„$0<\th...

You may provide a definition with
\DeclareUnicodeCharacter 

Missing character: There is no . in font nullfont!

! Package inputenc Error: Unicode character è®¾ (U+8BBE)
(inputenc)                not set up for use with LaTeX.

See the inputenc package documentation for explanation.
Type  H <return>  for immediate help.
 ...                                              
                                                  
l.23 ...¯æµ‹å­é›†$A$: $\mu(A)<\infty$æˆç«‹. è®¾
                                                  å¯¹äºå›ºå®šçš„$0<\theta<1...

You may provide a definition with
\DeclareUnicodeCharacter 


! Package inputenc Error: Unicode character å¯¹ (U+5BF9)
(inputenc)                not set up for use with LaTeX.

See the inputenc package documentation for explanation.
Type  H <return>  for immediate help.
 ...                                              
                                                  
l.23 ...µ‹å­é›†$A$: $\mu(A)<\infty$æˆç«‹. è®¾å¯¹
                                                  äºå›ºå®šçš„$0<\theta<1$æœ‰
You may provide a definition with
\DeclareUnicodeCharacter 


! Package inputenc Error: Unicode character äº (U+4E8E)
(inputenc)                not set up for use with LaTeX.

See the inputenc package documentation for explanation.
Type  H <return>  for immediate help.
 ...                                              
                                                  
l.23 ...­é›†$A$: $\mu(A)<\infty$æˆç«‹. è®¾å¯¹äº
                                                  å›ºå®šçš„$0<\theta<1$æœ‰
You may provide a definition with
\DeclareUnicodeCharacter 


! Package inputenc Error: Unicode character å›º (U+56FA)
(inputenc)                not set up for use with LaTeX.

See the inputenc package documentation for explanation.
Type  H <return>  for immediate help.
 ...                                              
                                                  
l.23 ...›†$A$: $\mu(A)<\infty$æˆç«‹. è®¾å¯¹äºå›º
                                                  å®šçš„$0<\theta<1$æœ‰
You may provide a definition with
\DeclareUnicodeCharacter 


! Package inputenc Error: Unicode character å®š (U+5B9A)
(inputenc)                not set up for use with LaTeX.

See the inputenc package documentation for explanation.
Type  H <return>  for immediate help.
 ...                                              
                                                  
l.23 ...A$: $\mu(A)<\infty$æˆç«‹. è®¾å¯¹äºå›ºå®š
                                                  çš„$0<\theta<1$æœ‰
You may provide a definition with
\DeclareUnicodeCharacter 


! Package inputenc Error: Unicode character çš„ (U+7684)
(inputenc)                not set up for use with LaTeX.

See the inputenc package documentation for explanation.
Type  H <return>  for immediate help.
 ...                                              
                                                  
l.23 ... $\mu(A)<\infty$æˆç«‹. è®¾å¯¹äºå›ºå®šçš„
                                                  $0<\theta<1$æœ‰
You may provide a definition with
\DeclareUnicodeCharacter 


! Package inputenc Error: Unicode character æœ‰ (U+6709)
(inputenc)                not set up for use with LaTeX.

See the inputenc package documentation for explanation.
Type  H <return>  for immediate help.
 ...                                              
                                                  
l.23 ...$æˆç«‹. è®¾å¯¹äºå›ºå®šçš„$0<\theta<1$æœ‰
                                                  
You may provide a definition with
\DeclareUnicodeCharacter 


Overfull \hbox (16.56944pt too wide) in paragraph at lines 22--24
$\OML/cmm/m/it/10 X$$A$
 []


Overfull \hbox (31.85881pt too wide) in paragraph at lines 22--24
\OML/cmm/m/it/10 ^^V\OT1/cmr/m/n/10 (\OML/cmm/m/it/10 A\OT1/cmr/m/n/10 ) \OML/c
mm/m/it/10 <
 []


Overfull \hbox (10.00002pt too wide) in paragraph at lines 22--24
\OMS/cmsy/m/n/10 1$
 []


Overfull \hbox (15.55553pt too wide) in paragraph at lines 22--24
\OT1/cmr/m/n/10 0 \OML/cmm/m/it/10 <
 []


Overfull \hbox (15.52774pt too wide) in paragraph at lines 22--24
\OML/cmm/m/it/10 ^^R <
 []


Overfull \hbox (5.00002pt too wide) in paragraph at lines 22--24
\OT1/cmr/m/n/10 1$ 
 []

! Undefined control sequence.
l.25 ...eta}{p_{0}}+\frac{\theta}{p_{1}}\quad\text
                                                  {and}\quad\frac{1}{q}=\fra...
The control sequence at the end of the top line
of your error message was never \def'ed. If you have
misspelled it (e.g., `\hobx'), type `I' and the correct
spelling (e.g., `I\hbox'). Otherwise just continue,
and I'll forget about whatever was undefined.


Overfull \hbox (148.78056pt too wide) detected at line 26
[] \OT1/cmr/m/n/10 = [] + [] [] [] = [] + []\OML/cmm/m/it/10 :
 []


! Package inputenc Error: Unicode character åˆ™ (U+5219)
(inputenc)                not set up for use with LaTeX.

See the inputenc package documentation for explanation.
Type  H <return>  for immediate help.
 ...                                              
                                                  
l.27 åˆ™
        å­˜åœ¨å¸¸æ•°$M$, ä¸$K$, $p_{0}$, $p_{1}$, $q_{0}$, $q_{1}$, $M_{0}$,
You may provide a definition with
\DeclareUnicodeCharacter 


! Package inputenc Error: Unicode character å­˜ (U+5B58)
(inputenc)                not set up for use with LaTeX.

See the inputenc package documentation for explanation.
Type  H <return>  for immediate help.
 ...                                              
                                                  
l.27 åˆ™å­˜
           åœ¨å¸¸æ•°$M$, ä¸$K$, $p_{0}$, $p_{1}$, $q_{0}$, $q_{1}$, $M_{0}$,
You may provide a definition with
\DeclareUnicodeCharacter 


! Package inputenc Error: Unicode character åœ¨ (U+5728)
(inputenc)                not set up for use with LaTeX.

See the inputenc package documentation for explanation.
Type  H <return>  for immediate help.
 ...                                              
                                                  
l.27 åˆ™å­˜åœ¨
              å¸¸æ•°$M$, ä¸$K$, $p_{0}$, $p_{1}$, $q_{0}$, $q_{1}$, $M_{0}$,
You may provide a definition with
\DeclareUnicodeCharacter 


! Package inputenc Error: Unicode character å¸¸ (U+5E38)
(inputenc)                not set up for use with LaTeX.

See the inputenc package documentation for explanation.
Type  H <return>  for immediate help.
 ...                                              
                                                  
l.27 åˆ™å­˜åœ¨å¸¸
                 æ•°$M$, ä¸$K$, $p_{0}$, $p_{1}$, $q_{0}$, $q_{1}$, $M_{0}$,
You may provide a definition with
\DeclareUnicodeCharacter 


! Package inputenc Error: Unicode character æ•° (U+6570)
(inputenc)                not set up for use with LaTeX.

See the inputenc package documentation for explanation.
Type  H <return>  for immediate help.
 ...                                              
                                                  
l.27 åˆ™å­˜åœ¨å¸¸æ•°
                    $M$, ä¸$K$, $p_{0}$, $p_{1}$, $q_{0}$, $q_{1}$, $M_{0}$,
You may provide a definition with
\DeclareUnicodeCharacter 

Missing character: There is no , in font nullfont!

! Package inputenc Error: Unicode character ä¸ (U+4E0E)
(inputenc)                not set up for use with LaTeX.

See the inputenc package documentation for explanation.
Type  H <return>  for immediate help.
 ...                                              
                                                  
l.27 åˆ™å­˜åœ¨å¸¸æ•°$M$, ä¸
                            $K$, $p_{0}$, $p_{1}$, $q_{0}$, $q_{1}$, $M_{0}$,
You may provide a definition with
\DeclareUnicodeCharacter 

Missing character: There is no , in font nullfont!
Missing character: There is no , in font nullfont!
Missing character: There is no , in font nullfont!
Missing character: There is no , in font nullfont!
Missing character: There is no , in font nullfont!
Missing character: There is no , in font nullfont!
Missing character: There is no , in font nullfont!

! Package inputenc Error: Unicode character å’Œ (U+548C)
(inputenc)                not set up for use with LaTeX.

See the inputenc package documentation for explanation.
Type  H <return>  for immediate help.
 ...                                              
                                                  
l.28 $M_{1}$, $r$å’Œ
                    $\theta$æœ‰å…³, ä½¿å¾—å¯¹äºæ‰€æœ‰$f\in D(T)\cap L^{p,r}...

You may provide a definition with
\DeclareUnicodeCharacter 


! Package inputenc Error: Unicode character æœ‰ (U+6709)
(inputenc)                not set up for use with LaTeX.

See the inputenc package documentation for explanation.
Type  H <return>  for immediate help.
 ...                                              
                                                  
l.28 $M_{1}$, $r$å’Œ$\theta$æœ‰
                               å…³, ä½¿å¾—å¯¹äºæ‰€æœ‰$f\in D(T)\cap L^{p,r}...

You may provide a definition with
\DeclareUnicodeCharacter 


! Package inputenc Error: Unicode character å…³ (U+5173)
(inputenc)                not set up for use with LaTeX.

See the inputenc package documentation for explanation.
Type  H <return>  for immediate help.
 ...                                              
                                                  
l.28 $M_{1}$, $r$å’Œ$\theta$æœ‰å…³
                                  , ä½¿å¾—å¯¹äºæ‰€æœ‰$f\in D(T)\cap L^{p,r}...

You may provide a definition with
\DeclareUnicodeCharacter 

Missing character: There is no , in font nullfont!

! Package inputenc Error: Unicode character ä½¿ (U+4F7F)
(inputenc)                not set up for use with LaTeX.

See the inputenc package documentation for explanation.
Type  H <return>  for immediate help.
 ...                                              
                                                  
l.28 $M_{1}$, $r$å’Œ$\theta$æœ‰å…³, ä½¿
                                       å¾—å¯¹äºæ‰€æœ‰$f\in D(T)\cap L^{p,r}...

You may provide a definition with
\DeclareUnicodeCharacter 


! Package inputenc Error: Unicode character å¾— (U+5F97)
(inputenc)                not set up for use with LaTeX.

See the inputenc package documentation for explanation.
Type  H <return>  for immediate help.
 ...                                              
                                                  
l.28 $M_{1}$, $r$å’Œ$\theta$æœ‰å…³, ä½¿å¾—
                                          å¯¹äºæ‰€æœ‰$f\in D(T)\cap L^{p,r}...

You may provide a definition with
\DeclareUnicodeCharacter 


! Package inputenc Error: Unicode character å¯¹ (U+5BF9)
(inputenc)                not set up for use with LaTeX.

See the inputenc package documentation for explanation.
Type  H <return>  for immediate help.
 ...                                              
                                                  
l.28 $M_{1}$, $r$å’Œ$\theta$æœ‰å…³, ä½¿å¾—å¯¹
                                             äºæ‰€æœ‰$f\in D(T)\cap L^{p,r}...

You may provide a definition with
\DeclareUnicodeCharacter 


! Package inputenc Error: Unicode character äº (U+4E8E)
(inputenc)                not set up for use with LaTeX.

See the inputenc package documentation for explanation.
Type  H <return>  for immediate help.
 ...                                              
                                                  
l.28 $M_{1}$, $r$å’Œ$\theta$æœ‰å…³, ä½¿å¾—å¯¹äº
                                                æ‰€æœ‰$f\in D(T)\cap L^{p,r}...

You may provide a definition with
\DeclareUnicodeCharacter 


! Package inputenc Error: Unicode character æ‰€ (U+6240)
(inputenc)                not set up for use with LaTeX.

See the inputenc package documentation for explanation.
Type  H <return>  for immediate help.
 ...                                              
                                                  
l.28 ...1}$, $r$å’Œ$\theta$æœ‰å…³, ä½¿å¾—å¯¹äºæ‰€
                                                  æœ‰$f\in D(T)\cap L^{p,r}(...

You may provide a definition with
\DeclareUnicodeCharacter 


! Package inputenc Error: Unicode character æœ‰ (U+6709)
(inputenc)                not set up for use with LaTeX.

See the inputenc package documentation for explanation.
Type  H <return>  for immediate help.
 ...                                              
                                                  
l.28 ..., $r$å’Œ$\theta$æœ‰å…³, ä½¿å¾—å¯¹äºæ‰€æœ‰
                                                  $f\in D(T)\cap L^{p,r}(X)$æœ‰

You may provide a definition with
\DeclareUnicodeCharacter 


! Package inputenc Error: Unicode character æœ‰ (U+6709)
(inputenc)                not set up for use with LaTeX.

See the inputenc package documentation for explanation.
Type  H <return>  for immediate help.
 ...                                              
                                                  
l.28 ...—å¯¹äºæ‰€æœ‰$f\in D(T)\cap L^{p,r}(X)$æœ‰
                                                  
You may provide a definition with
\DeclareUnicodeCharacter 


Overfull \hbox (10.79166pt too wide) in paragraph at lines 26--29
$\OML/cmm/m/it/10 M$
 []


Overfull \hbox (9.20833pt too wide) in paragraph at lines 26--29
\OML/cmm/m/it/10 K$
 []


Overfull \hbox (9.51738pt too wide) in paragraph at lines 26--29
\OML/cmm/m/it/10 p[]$
 []


Overfull \hbox (9.51738pt too wide) in paragraph at lines 26--29
\OML/cmm/m/it/10 p[]$
 []


Overfull \hbox (8.95026pt too wide) in paragraph at lines 26--29
\OML/cmm/m/it/10 q[]$
 []


Overfull \hbox (8.95026pt too wide) in paragraph at lines 26--29
\OML/cmm/m/it/10 q[]$
 []


Overfull \hbox (14.18753pt too wide) in paragraph at lines 26--29
\OML/cmm/m/it/10 M[]$
 []


Overfull \hbox (14.18753pt too wide) in paragraph at lines 26--29
\OML/cmm/m/it/10 M[]$
 []


Overfull \hbox (9.7616pt too wide) in paragraph at lines 26--29
\OML/cmm/m/it/10 r$$^^R$
 []


Overfull \hbox (15.41666pt too wide) in paragraph at lines 26--29
\OML/cmm/m/it/10 f \OMS/cmsy/m/n/10 2
 []


Overfull \hbox (30.23409pt too wide) in paragraph at lines 26--29
\OML/cmm/m/it/10 D\OT1/cmr/m/n/10 (\OML/cmm/m/it/10 T\OT1/cmr/m/n/10 ) \OMS/cms
y/m/n/10 \
 []


Overfull \hbox (34.5784pt too wide) in paragraph at lines 26--29
\OML/cmm/m/it/10 L[]\OT1/cmr/m/n/10 (\OML/cmm/m/it/10 X\OT1/cmr/m/n/10 )$ 
 []

! Undefined control sequence.
l.30 \norm
          {T(f)}_{L^{p,r}}\le M\norm{f}_{L^{p,r}}.
The control sequence at the end of the top line
of your error message was never \def'ed. If you have
misspelled it (e.g., `\hobx'), type `I' and the correct
spelling (e.g., `I\hbox'). Otherwise just continue,
and I'll forget about whatever was undefined.

! Undefined control sequence.
l.30 \norm{T(f)}_{L^{p,r}}\le M\norm
                                    {f}_{L^{p,r}}.
The control sequence at the end of the top line
of your error message was never \def'ed. If you have
misspelled it (e.g., `\hobx'), type `I' and the correct
spelling (e.g., `I\hbox'). Otherwise just continue,
and I'll forget about whatever was undefined.


Overfull \hbox (84.79427pt too wide) detected at line 31
[][] \OMS/cmsy/m/n/10 ^^T \OML/cmm/m/it/10 Mf[]:
 []

! Undefined control sequence.
l.32 \et
        
The control sequence at the end of the top line
of your error message was never \def'ed. If you have
misspelled it (e.g., `\hobx'), type `I' and the correct
spelling (e.g., `I\hbox'). Otherwise just continue,
and I'll forget about whatever was undefined.

)
! Emergency stop.
<*> harmonic-analysis.tex
                         
*** (job aborted, no legal \end found)

 
Here is how much of TeX's memory you used:
 83 strings out of 480608
 840 string characters out of 5903614
 242610 words of memory out of 5000000
 16076 multiletter control sequences out of 15000+600000
 532338 words of font info for 24 fonts, out of 8000000 for 9000
 1141 hyphenation exceptions out of 8191
 18i,3n,15p,275b,56s stack positions out of 5000i,500n,10000p,200000b,80000s
!  ==> Fatal error occurred, no output PDF file produced!
