\BOOKMARK [0][-]{chapter.1}{\376\377\232\330\116\055\173\024\213\260\0008}{}% 1
\BOOKMARK [1][-]{section.1.1}{\376\377\213\373\116\146\173\024\213\260}{chapter.1}% 2
\BOOKMARK [1][-]{section.1.2}{\376\377\164\003\227\142\121\340\117\125}{chapter.1}% 3
\BOOKMARK [1][-]{section.1.3}{\376\377\116\015\173\111\137\017\226\306}{chapter.1}% 4
\BOOKMARK [0][-]{chapter.2}{\376\377\232\330\116\055\145\160\133\146}{}% 5
\BOOKMARK [1][-]{section.2.1}{\376\377\0002\0000\0001\0006\136\164\116\055\171\321\131\047\121\145\133\146\145\160\133\146\200\003\213\325}{chapter.2}% 6
\BOOKMARK [1][-]{section.2.2}{\376\377\122\035\116\055\116\343\145\160\230\230}{chapter.2}% 7
\BOOKMARK [1][-]{section.2.3}{\376\377\121\150\126\375\232\330\116\055\145\160\133\146\200\124\215\133}{chapter.2}% 8
\BOOKMARK [1][-]{section.2.4}{\376\377\145\160\133\146\172\336\215\133}{chapter.2}% 9
\BOOKMARK [0][-]{chapter.3}{\376\377\000A\000O\000P\000S}{}% 10
\BOOKMARK [1][-]{section.3.1}{\376\377\000I\000M\000O}{chapter.3}% 11
\BOOKMARK [2][-]{subsection.3.1.1}{\376\377\0002\0000\0001\0008}{section.3.1}% 12
\BOOKMARK [1][-]{section.3.2}{\376\377\0002\0000\0000\0003}{chapter.3}% 13
\BOOKMARK [2][-]{subsection.3.2.1}{\376\377\0000\0002}{section.3.2}% 14
\BOOKMARK [2][-]{subsection.3.2.2}{\376\377\0000\0003}{section.3.2}% 15
\BOOKMARK [2][-]{subsection.3.2.3}{\376\377\0000\0005}{section.3.2}% 16
\BOOKMARK [2][-]{subsection.3.2.4}{\376\377\0000\0006}{section.3.2}% 17
\BOOKMARK [2][-]{subsection.3.2.5}{\376\377\0000\0007}{section.3.2}% 18
\BOOKMARK [2][-]{subsection.3.2.6}{\376\377\0000\0008}{section.3.2}% 19
\BOOKMARK [2][-]{subsection.3.2.7}{\376\377\0000\0009}{section.3.2}% 20
\BOOKMARK [0][-]{chapter.4}{\376\377\142\275\214\141\116\343\145\160}{}% 21
\BOOKMARK [0][-]{chapter.5}{\376\377\167\351\226\065\213\272}{}% 22
\BOOKMARK [1][-]{section.5.1}{\376\377\167\351\226\065\217\355\116\343\154\325}{chapter.5}% 23
\BOOKMARK [0][-]{chapter.6}{\376\377\145\160\133\146\122\006\147\220}{}% 24
\BOOKMARK [1][-]{section.6.1}{\376\377\147\201\226\120}{chapter.6}% 25
\BOOKMARK [1][-]{section.6.2}{\376\377\133\374\145\160}{chapter.6}% 26
\BOOKMARK [1][-]{section.6.3}{\376\377\171\357\122\006}{chapter.6}% 27
\BOOKMARK [1][-]{section.6.4}{\376\377\176\247\145\160}{chapter.6}% 28
\BOOKMARK [1][-]{section.6.5}{\376\377\121\166\116\326}{chapter.6}% 29
\BOOKMARK [0][-]{chapter.7}{\376\377\133\236\123\330\121\375\145\160}{}% 30
\BOOKMARK [0][-]{chapter.8}{\376\377\154\333\121\375\122\006\147\220}{}% 31
\BOOKMARK [0][-]{chapter.9}{\376\377\131\015\123\330\121\375\145\160}{}% 32
\BOOKMARK [0][-]{chapter.10}{\376\377\122\035\173\111\145\160\213\272}{}% 33
\BOOKMARK [0][-]{chapter.11}{\376\377\211\343\147\220\145\160\213\272}{}% 34
\BOOKMARK [1][-]{section.11.1}{\376\377\134\161\116\034\131\047\133\146\0002\0000\0001\0004\136\164\123\132\130\353\170\024\172\166\165\037\121\145\133\146\200\003\213\325\211\343\147\220\145\160\213\272\127\372\170\100\213\325\230\230}{chapter.11}% 35
\BOOKMARK [0][-]{chapter.12}{\376\377\000I\000n\000e\000q\000u\000a\000l\000i\000t\000y}{}% 36
\BOOKMARK [1][-]{section.12.1}{\376\377\000E\000l\000e\000m\000e\000n\000t\000a\000r\000y\000\040\000I\000n\000e\000q\000u\000a\000l\000i\000t\000y}{chapter.12}% 37
\BOOKMARK [1][-]{section.12.2}{\376\377\000C\000o\000m\000b\000i\000n\000a\000t\000o\000r\000i\000c\000s}{chapter.12}% 38
\BOOKMARK [1][-]{section.12.3}{\376\377\000A\000n\000a\000l\000y\000s\000i\000s}{chapter.12}% 39
\BOOKMARK [0][-]{chapter.13}{\376\377\171\136\131\107\166\204\123\315\117\213}{}% 40
\BOOKMARK [0][-]{chapter.14}{\376\377\147\052\167\345\166\204\225\356\230\230\116\016\211\343\173\124}{}% 41
\BOOKMARK [0][-]{chapter.15}{\376\377\142\323\142\121}{}% 42
\BOOKMARK [0][-]{chapter.16}{\376\377\133\232\164\006\226\306}{}% 43
\BOOKMARK [1][-]{section.16.1}{\376\377\145\160\133\146\122\006\147\220}{chapter.16}% 44
\BOOKMARK [1][-]{section.16.2}{\376\377\137\256\122\006\145\271\172\013}{chapter.16}% 45
\BOOKMARK [1][-]{section.16.3}{\376\377\154\333\121\375\122\006\147\220}{chapter.16}% 46
\BOOKMARK [1][-]{section.16.4}{\376\377\142\323\142\121}{chapter.16}% 47
\BOOKMARK [1][-]{section.16.5}{\376\377\145\160\213\272}{chapter.16}% 48
\BOOKMARK [1][-]{section.16.6}{\376\377\116\015\173\111\137\017}{chapter.16}% 49
\BOOKMARK [0][-]{chapter.17}{\376\377\133\232\116\111\226\306}{}% 50
\BOOKMARK [1][-]{section.17.1}{\376\377\122\035\173\111\145\160\213\272}{chapter.17}% 51
\BOOKMARK [1][-]{section.17.2}{\376\377\232\330\173\111\116\343\145\160}{chapter.17}% 52
\BOOKMARK [1][-]{section.17.3}{\376\377\145\160\133\146\122\006\147\220}{chapter.17}% 53
\BOOKMARK [1][-]{section.17.4}{\376\377\137\256\122\006\145\271\172\013}{chapter.17}% 54
\BOOKMARK [1][-]{section.17.5}{\376\377\154\333\121\375\122\006\147\220}{chapter.17}% 55
\BOOKMARK [0][-]{chapter.18}{\376\377\000t\000e\000x\173\024\213\260}{}% 56
\BOOKMARK [1][-]{section.18.1}{\376\377\117\177\165\050\230\221\163\207\217\203\117\116\166\204\173\046\123\367\122\027\210\150}{chapter.18}% 57
\BOOKMARK [1][-]{section.18.2}{\376\377\000i\000t\000e\000m\000i\000z\000e\000\040\000e\000n\000u\000m\000e\000r\000a\000t\000e}{chapter.18}% 58
\BOOKMARK [1][-]{section.18.3}{\376\377\000t\000i\000k\000z}{chapter.18}% 59
\BOOKMARK [0][-]{chapter.19}{\376\377\000m\000a\000t\000h\000.\000s\000t\000a\000c\000k\000e\000x\000c\000h\000a\000n\000g\000e\000.\000c\000o\000m}{}% 60
\BOOKMARK [0][-]{chapter.20}{\376\377\213\355\137\125}{}% 61
